<?xml version="1.0" encoding="UTF-8"?>
<testsuite name="chromeTest"
           tests="6"
           failures="0"
           errors="0"
           skipped="0"
           time="206.296">
  <properties />
  
  
            <testcase name="commandAdd" time="27.634" classname="com.summersoft.ctt.yycx.po.CouponMarketingPo" />
                <testcase name="driverInvite" time="59.393" classname="com.summersoft.ctt.yycx.po.CouponMarketingPo" />
                <testcase name="passengerInvite" time="39.085" classname="com.summersoft.ctt.yycx.po.CouponMarketingPo" />
                <testcase name="addCoupon" time="27.119" classname="com.summersoft.ctt.yycx.po.CouponMarketingPo" />
                <testcase name="addOneOffPayment" time="20.024" classname="com.summersoft.ctt.yycx.po.CouponMarketingPo" />
                <testcase name="register" time="33.041" classname="com.summersoft.ctt.yycx.po.CouponMarketingPo" />
      
</testsuite>
