<?xml version="1.0" encoding="UTF-8"?>
<testsuite name="chromeTest"
           tests="5"
           failures="0"
           errors="0"
           skipped="0"
           time="93.550">
  <properties />
  
  
            <testcase name="articleAdd" time="30.801" classname="com.summersoft.ctt.yycx.test.InformationPublicCenter" />
                <testcase name="feedbackDeal" time="10.588" classname="com.summersoft.ctt.yycx.test.InformationPublicCenter" />
                <testcase name="articleSearch" time="10.528" classname="com.summersoft.ctt.yycx.test.InformationPublicCenter" />
                <testcase name="feedbackSearch" time="18.875" classname="com.summersoft.ctt.yycx.test.InformationPublicCenter" />
                <testcase name="articleUpdate" time="22.758" classname="com.summersoft.ctt.yycx.test.InformationPublicCenter" />
      
</testsuite>
