<?xml version="1.0" encoding="UTF-8"?>
<testsuite name="chromeTest"
           tests="6"
           failures="0"
           errors="0"
           skipped="0"
           time="219.372">
  <properties />
  
  
            <testcase name="addOneOffPayment" time="22.051" classname="com.summersoft.ctt.yycx.po.CouponMarketingPo" />
                <testcase name="commandAdd" time="28.153" classname="com.summersoft.ctt.yycx.po.CouponMarketingPo" />
                <testcase name="register" time="34.353" classname="com.summersoft.ctt.yycx.po.CouponMarketingPo" />
                <testcase name="addCoupon" time="33.576" classname="com.summersoft.ctt.yycx.po.CouponMarketingPo" />
                <testcase name="driverInvite" time="61.123" classname="com.summersoft.ctt.yycx.po.CouponMarketingPo" />
                <testcase name="passengerInvite" time="40.116" classname="com.summersoft.ctt.yycx.po.CouponMarketingPo" />
      
</testsuite>
