<?xml version="1.0" encoding="UTF-8"?>
<testsuite name="chromeTest"
           tests="3"
           failures="0"
           errors="0"
           skipped="0"
           time="73.186">
  <properties />
  
  
            <testcase name="invoiceManage" time="14.013" classname="com.summersoft.ctt.yycx.test.FinancialCenter" />
                <testcase name="statementOfAccount" time="45.511" classname="com.summersoft.ctt.yycx.test.FinancialCenter" />
                <testcase name="audit" time="13.662" classname="com.summersoft.ctt.yycx.test.FinancialCenter" />
      
</testsuite>
