<?xml version="1.0" encoding="UTF-8"?>
<testsuite name="chromeTest"
           tests="3"
           failures="0"
           errors="0"
           skipped="0"
           time="72.592">
  <properties />
  
  
            <testcase name="invoiceManage" time="13.743" classname="com.summersoft.ctt.yycx.test.FinancialCenter" />
                <testcase name="statementOfAccount" time="46.346" classname="com.summersoft.ctt.yycx.test.FinancialCenter" />
                <testcase name="audit" time="12.503" classname="com.summersoft.ctt.yycx.test.FinancialCenter" />
      
</testsuite>
