<?xml version="1.0" encoding="UTF-8"?>
<testsuite name="chromeTest"
           tests="4"
           failures="0"
           errors="0"
           skipped="0"
           time="363.454">
  <properties />
  
  
            <testcase name="vehicleManager" time="97.479" classname="com.summersoft.ctt.yycx.po.OperationManagerPo" />
                <testcase name="regionalManager" time="73.756" classname="com.summersoft.ctt.yycx.po.OperationManagerPo" />
                <testcase name="businessManager" time="68.303" classname="com.summersoft.ctt.yycx.po.OperationManagerPo" />
                <testcase name="driverManager" time="123.916" classname="com.summersoft.ctt.yycx.po.OperationManagerPo" />
      
</testsuite>
