<?xml version="1.0" encoding="UTF-8"?>
<testsuite name="chromeTest"
           tests="4"
           failures="0"
           errors="0"
           skipped="0"
           time="234.932">
  <properties />
  
  
            <testcase name="couponTab" time="6.744" classname="com.summersoft.ctt.yycx.test.MarketingCenter" />
                <testcase name="passengerRecharge" time="8.453" classname="com.summersoft.ctt.yycx.test.MarketingCenter" />
                <testcase name="couponTemplateAdd" time="25.222" classname="com.summersoft.ctt.yycx.test.MarketingCenter" />
                <testcase name="activity" time="194.513" classname="com.summersoft.ctt.yycx.test.MarketingCenter" />
      
</testsuite>
