<?xml version="1.0" encoding="UTF-8"?>
<testsuite name="chromeTest"
           tests="5"
           failures="0"
           errors="0"
           skipped="0"
           time="98.544">
  <properties />
  
  
            <testcase name="articleAdd" time="30.697" classname="com.summersoft.ctt.yycx.test.InformationPublicCenter" />
                <testcase name="feedbackDeal" time="14.796" classname="com.summersoft.ctt.yycx.test.InformationPublicCenter" />
                <testcase name="articleSearch" time="10.480" classname="com.summersoft.ctt.yycx.test.InformationPublicCenter" />
                <testcase name="feedbackSearch" time="18.893" classname="com.summersoft.ctt.yycx.test.InformationPublicCenter" />
                <testcase name="articleUpdate" time="23.678" classname="com.summersoft.ctt.yycx.test.InformationPublicCenter" />
      
</testsuite>
